#
# There is insufficient memory for the Java Runtime Environment to continue.
# Native memory allocation (mmap) failed to map 4128768 bytes for G1 virtual space
# Possible reasons:
#   The system is out of physical RAM or swap space
#   The process is running with CompressedOops enabled, and the Java Heap may be blocking the growth of the native heap
# Possible solutions:
#   Reduce memory load on the system
#   Increase physical memory or swap space
#   Check if swap backing store is full
#   Decrease Java heap size (-Xmx/-Xms)
#   Decrease number of Java threads
#   Decrease Java thread stack sizes (-Xss)
#   Set larger code cache with -XX:ReservedCodeCacheSize=
#   JVM is running with Zero Based Compressed Oops mode in which the Java heap is
#     placed in the first 32GB address space. The Java Heap base address is the
#     maximum limit for the native heap growth. Please use -XX:HeapBaseMinAddress
#     to set the Java Heap base and to place the Java Heap above 32GB virtual address.
# This output file may be truncated or incomplete.
#
#  Out of Memory Error (os_windows.cpp:3603), pid=15480, tid=3944
#
# JRE version:  (21.0.8+12) (build )
# Java VM: Java HotSpot(TM) 64-Bit Server VM (21.0.8+12-LTS-250, mixed mode, sharing, tiered, compressed oops, compressed class ptrs, g1 gc, windows-amd64)
# No core dump will be written. Minidumps are not enabled by default on client versions of Windows
#

---------------  S U M M A R Y ------------

Command Line: --enable-native-access=ALL-UNNAMED 

Host: 13th Gen Intel(R) Core(TM) i5-13500HX, 20 cores, 15G,  Windows 11 , 64 bit Build 26100 (10.0.26100.7309)
Time: Sun Jan  4 16:23:51 2026 SE Asia Standard Time elapsed time: 1.920588 seconds (0d 0h 0m 1s)

---------------  T H R E A D  ---------------

Current thread (0x000002442dd61830):  JavaThread "Unknown thread" [_thread_in_vm, id=3944, stack(0x000000bff7800000,0x000000bff7900000) (1024K)]

Stack: [0x000000bff7800000,0x000000bff7900000]
Native frames: (J=compiled Java code, j=interpreted, Vv=VM code, C=native code)
V  [jvm.dll+0x6cc179]
V  [jvm.dll+0x8584c1]
V  [jvm.dll+0x85a9ee]
V  [jvm.dll+0x85b0c3]
V  [jvm.dll+0x27ebf6]
V  [jvm.dll+0x6c88f5]
V  [jvm.dll+0x6bd45a]
V  [jvm.dll+0x354b1a]
V  [jvm.dll+0x35c796]
V  [jvm.dll+0x3af873]
V  [jvm.dll+0x3afb08]
V  [jvm.dll+0x328e2c]
V  [jvm.dll+0x32998b]
V  [jvm.dll+0x821879]
V  [jvm.dll+0x3bc541]
V  [jvm.dll+0x80aaf8]
V  [jvm.dll+0x45172e]
V  [jvm.dll+0x453321]
C  [jli.dll+0x52a3]
C  [ucrtbase.dll+0x37b0]
C  [KERNEL32.DLL+0x2e8d7]
C  [ntdll.dll+0x8c53c]


---------------  P R O C E S S  ---------------

Threads class SMR info:
_java_thread_list=0x00007fffc12afc48, length=0, elements={
}

Java Threads: ( => current thread )
Total: 0

Other Threads:
  0x000002442ddc2b60 WorkerThread "GC Thread#0"                     [id=33144, stack(0x000000bff7900000,0x000000bff7a00000) (1024K)]
  0x000002442ddd4460 ConcurrentGCThread "G1 Main Marker"            [id=31148, stack(0x000000bff7a00000,0x000000bff7b00000) (1024K)]
  0x000002442ddd4e70 WorkerThread "G1 Conc#0"                       [id=11260, stack(0x000000bff7b00000,0x000000bff7c00000) (1024K)]

[error occurred during error reporting (printing all threads), id 0xc0000005, EXCEPTION_ACCESS_VIOLATION (0xc0000005) at pc=0x00007fffc0a1b5b7]
VM state: not at safepoint (not fully initialized)

VM Mutex/Monitor currently owned by a thread:  ([mutex/lock_event])
[0x00007fffc1320f50] Heap_lock - owner thread: 0x000002442dd61830

Heap address: 0x0000000704600000, size: 4026 MB, Compressed Oops mode: Zero based, Oop shift amount: 3

CDS archive(s) mapped at: [0x0000000000000000-0x0000000000000000-0x0000000000000000), size 0, SharedBaseAddress: 0x0000000800000000, ArchiveRelocationMode: 1.
Narrow klass base: 0x0000000000000000, Narrow klass shift: 0, Narrow klass range: 0x0

GC Precious Log:
 CardTable entry size: 512
 Card Set container configuration: InlinePtr #cards 4 size 8 Array Of Cards #cards 16 size 48 Howl #buckets 8 coarsen threshold 3686 Howl Bitmap #cards 512 size 80 coarsen threshold 460 Card regions per heap region 1 cards per card region 4096

Heap:
 garbage-first heap   total 0K, used 0K [0x0000000704600000, 0x0000000800000000)
  region size 2048K, 0 young (0K), 0 survivors (0K)

[error occurred during error reporting (printing heap information), id 0xc0000005, EXCEPTION_ACCESS_VIOLATION (0xc0000005) at pc=0x00007fffc0e051e9]
GC Heap History (0 events):
No events

Dll operation events (1 events):
Event: 0.017 Loaded shared library C:\Progra~1\Java\jdk-21\bin\java.dll

Deoptimization events (0 events):
No events

Classes loaded (0 events):
No events

Classes unloaded (0 events):
No events

Classes redefined (0 events):
No events

Internal exceptions (0 events):
No events

ZGC Phase Switch (0 events):
No events

VM Operations (0 events):
No events

Events (0 events):
No events


Dynamic libraries:
0x00007ff6401f0000 - 0x00007ff640200000 	C:\Progra~1\Java\jdk-21\bin\java.exe
0x00007ff8dd100000 - 0x00007ff8dd367000 	C:\WINDOWS\SYSTEM32\ntdll.dll
0x00007ff8dc170000 - 0x00007ff8dc239000 	C:\WINDOWS\System32\KERNEL32.DLL
0x00007ff8da890000 - 0x00007ff8dac7f000 	C:\WINDOWS\System32\KERNELBASE.dll
0x00007ff8d6c60000 - 0x00007ff8d6cff000 	C:\WINDOWS\SYSTEM32\apphelp.dll
0x00007ff8da490000 - 0x00007ff8da5db000 	C:\WINDOWS\System32\ucrtbase.dll
0x00007ff88ef70000 - 0x00007ff88ef89000 	C:\Progra~1\Java\jdk-21\bin\jli.dll
0x00007ff8bd9c0000 - 0x00007ff8bd9db000 	C:\Progra~1\Java\jdk-21\bin\VCRUNTIME140.dll
0x00007ff8dc240000 - 0x00007ff8dc2f4000 	C:\WINDOWS\System32\ADVAPI32.dll
0x00007ff8dc350000 - 0x00007ff8dc3f9000 	C:\WINDOWS\System32\msvcrt.dll
0x00007ff8dbc70000 - 0x00007ff8dbd16000 	C:\WINDOWS\System32\sechost.dll
0x00007ff8db740000 - 0x00007ff8db858000 	C:\WINDOWS\System32\RPCRT4.dll
0x00007ff8dc5d0000 - 0x00007ff8dc795000 	C:\WINDOWS\System32\USER32.dll
0x00007ff8dadc0000 - 0x00007ff8dade7000 	C:\WINDOWS\System32\win32u.dll
0x00007ff8b3100000 - 0x00007ff8b3393000 	C:\WINDOWS\WinSxS\amd64_microsoft.windows.common-controls_6595b64144ccf1df_6.0.26100.7309_none_3e05feeae336a044\COMCTL32.dll
0x00007ff8dc7a0000 - 0x00007ff8dc7cb000 	C:\WINDOWS\System32\GDI32.dll
0x00007ff8dac90000 - 0x00007ff8dadbc000 	C:\WINDOWS\System32\gdi32full.dll
0x00007ff8da7e0000 - 0x00007ff8da883000 	C:\WINDOWS\System32\msvcp_win.dll
0x00007ff8d2910000 - 0x00007ff8d291b000 	C:\WINDOWS\SYSTEM32\VERSION.dll
0x00007ff8dbe40000 - 0x00007ff8dbe71000 	C:\WINDOWS\System32\IMM32.DLL
0x00007ff8c50e0000 - 0x00007ff8c50ec000 	C:\Progra~1\Java\jdk-21\bin\vcruntime140_1.dll
0x00007fffc1400000 - 0x00007fffc148e000 	C:\Progra~1\Java\jdk-21\bin\msvcp140.dll
0x00007fffc06e0000 - 0x00007fffc13fd000 	C:\Progra~1\Java\jdk-21\bin\server\jvm.dll
0x00007ff8dbd20000 - 0x00007ff8dbd94000 	C:\WINDOWS\System32\WS2_32.dll
0x00007ff8da0b0000 - 0x00007ff8da10e000 	C:\WINDOWS\SYSTEM32\POWRPROF.dll
0x00007ff8c4e50000 - 0x00007ff8c4e85000 	C:\WINDOWS\SYSTEM32\WINMM.dll
0x00007ff8da090000 - 0x00007ff8da0a4000 	C:\WINDOWS\SYSTEM32\UMPDC.dll
0x00007ff8d9000000 - 0x00007ff8d901b000 	C:\WINDOWS\SYSTEM32\kernel.appcore.dll
0x00007ff88ef60000 - 0x00007ff88ef6a000 	C:\Progra~1\Java\jdk-21\bin\jimage.dll
0x00007ff8d7ac0000 - 0x00007ff8d7d02000 	C:\WINDOWS\SYSTEM32\DBGHELP.DLL
0x00007ff8daf20000 - 0x00007ff8db2a5000 	C:\WINDOWS\System32\combase.dll
0x00007ff8db860000 - 0x00007ff8db936000 	C:\WINDOWS\System32\OLEAUT32.dll
0x00007ff8b0d70000 - 0x00007ff8b0dac000 	C:\WINDOWS\SYSTEM32\dbgcore.DLL
0x00007ff8dadf0000 - 0x00007ff8dae95000 	C:\WINDOWS\System32\bcryptPrimitives.dll
0x00007ff88ef40000 - 0x00007ff88ef5f000 	C:\Progra~1\Java\jdk-21\bin\java.dll

dbghelp: loaded successfully - version: 4.0.5 - missing functions: none
symbol engine: initialized successfully - sym options: 0x614 - pdb path: .;C:\Progra~1\Java\jdk-21\bin;C:\WINDOWS\SYSTEM32;C:\WINDOWS\WinSxS\amd64_microsoft.windows.common-controls_6595b64144ccf1df_6.0.26100.7309_none_3e05feeae336a044;C:\Progra~1\Java\jdk-21\bin\server

VM Arguments:
jvm_args: --enable-native-access=ALL-UNNAMED 
java_command: <unknown>
java_class_path (initial): <not set>
Launcher Type: SUN_STANDARD

[Global flags]
     intx CICompilerCount                          = 12                                        {product} {ergonomic}
     uint ConcGCThreads                            = 4                                         {product} {ergonomic}
     uint G1ConcRefinementThreads                  = 15                                        {product} {ergonomic}
   size_t G1HeapRegionSize                         = 2097152                                   {product} {ergonomic}
    uintx GCDrainStackTargetSize                   = 64                                        {product} {ergonomic}
   size_t InitialHeapSize                          = 264241152                                 {product} {ergonomic}
   size_t MarkStackSize                            = 4194304                                   {product} {ergonomic}
   size_t MaxHeapSize                              = 4221566976                                {product} {ergonomic}
   size_t MinHeapDeltaBytes                        = 2097152                                   {product} {ergonomic}
   size_t MinHeapSize                              = 8388608                                   {product} {ergonomic}
    uintx NonNMethodCodeHeapSize                   = 7602480                                {pd product} {ergonomic}
    uintx NonProfiledCodeHeapSize                  = 122027880                              {pd product} {ergonomic}
    uintx ProfiledCodeHeapSize                     = 122027880                              {pd product} {ergonomic}
    uintx ReservedCodeCacheSize                    = 251658240                              {pd product} {ergonomic}
     bool SegmentedCodeCache                       = true                                      {product} {ergonomic}
   size_t SoftMaxHeapSize                          = 4221566976                             {manageable} {ergonomic}
     bool UseCompressedOops                        = true                           {product lp64_product} {ergonomic}
     bool UseG1GC                                  = true                                      {product} {ergonomic}
     bool UseLargePagesIndividualAllocation        = false                                  {pd product} {ergonomic}

Logging:
Log output configuration:
 #0: stdout all=warning uptime,level,tags foldmultilines=false
 #1: stderr all=off uptime,level,tags foldmultilines=false

Environment Variables:
JAVA_HOME=C:\Progra~1\Java\jdk-21
PATH=C:\Program Files\Google\Chrome\Application;C:\Progra~1\Java\jdk-21\bin;C:\Program Files\Common Files\Oracle\Java\javapath;C:\Program Files (x86)\Common Files\Oracle\Java\java8path;C:\Program Files (x86)\Common Files\Oracle\Java\javapath;C:\Python313\Scripts\;C:\Python313\;C:\WINDOWS\system32;C:\WINDOWS;C:\WINDOWS\System32\Wbem;C:\WINDOWS\System32\WindowsPowerShell\v1.0\;C:\WINDOWS\System32\OpenSSH\;C:\Program Files\nodejs\;C:\ProgramData\chocolatey\bin;C:\Program Files\Git\cmd;C:\Program Files\NVIDIA Corporation\NVIDIA App\NvDLISR;C:\Program Files (x86)\NVIDIA Corporation\PhysX\Common;C:\Program Files\Docker\Docker\resources\bin;C:\Program Files\Cloudflare\Cloudflare WARP\;C:\flutter\flutter\bin;C:\Users\zaky azda\AppData\Local\Microsoft\WindowsApps;C:\Users\zaky azda\AppData\Local\Programs\Microsoft VS Code\bin;C:\Users\zaky azda\AppData\Roaming\npm;C:\apache-maven-3.9.11\bin;
USERNAME=zaky azda
OS=Windows_NT
PROCESSOR_IDENTIFIER=Intel64 Family 6 Model 191 Stepping 2, GenuineIntel
TMP=C:\Users\ZAKYAZ~1\AppData\Local\Temp
TEMP=C:\Users\ZAKYAZ~1\AppData\Local\Temp




Periodic native trim disabled

---------------  S Y S T E M  ---------------

OS:
 Windows 11 , 64 bit Build 26100 (10.0.26100.7309)
OS uptime: 0 days 1:43 hours
Hyper-V role detected

CPU: total 20 (initial active 20) (10 cores per cpu, 2 threads per core) family 6 model 191 stepping 2 microcode 0x2c, cx8, cmov, fxsr, ht, mmx, 3dnowpref, sse, sse2, sse3, ssse3, sse4.1, sse4.2, popcnt, lzcnt, tsc, tscinvbit, avx, avx2, aes, erms, clmul, bmi1, bmi2, adx, sha, fma, vzeroupper, clflush, clflushopt, clwb, hv, serialize, rdtscp, rdpid, fsrm, f16c, cet_ibt, cet_ss
Processor Information for processor 0
  Max Mhz: 2500, Current Mhz: 2500, Mhz Limit: 2500
Processor Information for processor 1
  Max Mhz: 2500, Current Mhz: 2500, Mhz Limit: 2500
Processor Information for processor 2
  Max Mhz: 2500, Current Mhz: 2500, Mhz Limit: 2500
Processor Information for processor 3
  Max Mhz: 2500, Current Mhz: 2500, Mhz Limit: 2500
Processor Information for processor 4
  Max Mhz: 2500, Current Mhz: 2500, Mhz Limit: 2500
Processor Information for processor 5
  Max Mhz: 2500, Current Mhz: 2500, Mhz Limit: 2500
Processor Information for processor 6
  Max Mhz: 2500, Current Mhz: 2500, Mhz Limit: 2500
Processor Information for processor 7
  Max Mhz: 2500, Current Mhz: 2500, Mhz Limit: 2500
Processor Information for processor 8
  Max Mhz: 2500, Current Mhz: 2500, Mhz Limit: 2500
Processor Information for processor 9
  Max Mhz: 2500, Current Mhz: 2500, Mhz Limit: 2500
Processor Information for processor 10
  Max Mhz: 2500, Current Mhz: 2500, Mhz Limit: 2500
Processor Information for processor 11
  Max Mhz: 2500, Current Mhz: 2500, Mhz Limit: 2500
Processor Information for processor 12
  Max Mhz: 2500, Current Mhz: 1500, Mhz Limit: 1800
Processor Information for processor 13
  Max Mhz: 2500, Current Mhz: 1800, Mhz Limit: 1800
Processor Information for processor 14
  Max Mhz: 2500, Current Mhz: 1500, Mhz Limit: 1800
Processor Information for processor 15
  Max Mhz: 2500, Current Mhz: 1800, Mhz Limit: 1800
Processor Information for processor 16
  Max Mhz: 2500, Current Mhz: 1800, Mhz Limit: 1800
Processor Information for processor 17
  Max Mhz: 2500, Current Mhz: 1500, Mhz Limit: 1800
Processor Information for processor 18
  Max Mhz: 2500, Current Mhz: 1500, Mhz Limit: 1800
Processor Information for processor 19
  Max Mhz: 2500, Current Mhz: 1800, Mhz Limit: 1800

Memory: 4k page, system-wide physical 16103M (809M free)
TotalPageFile size 48757M (AvailPageFile size 122M)
current process WorkingSet (physical memory assigned to process): 13M, peak: 13M
current process commit charge ("private bytes"): 327M, peak: 331M

vm_info: Java HotSpot(TM) 64-Bit Server VM (21.0.8+12-LTS-250) for windows-amd64 JRE (21.0.8+12-LTS-250), built on 2025-06-27T08:11:22Z by "mach5one" with MS VC++ 17.6 (VS2022)

END.
